2023-06-10 15:45:57.200  INFO 1160 --- [restartedMain] com.curso.CursoUdemyApplication          : Starting CursoUdemyApplication using Java 20.0.1 on JTB with PID 1160 (C:\Users\JulinhoTomaz\Documents\Rabbit\curso-udemy\target\classes started by JulinhoTomaz in C:\Users\JulinhoTomaz\Documents\Rabbit\curso-udemy)
2023-06-10 15:45:57.200 DEBUG 1160 --- [restartedMain] com.curso.CursoUdemyApplication          : Running with Spring Boot v2.7.13-SNAPSHOT, Spring v5.3.27
2023-06-10 15:45:57.200  INFO 1160 --- [restartedMain] com.curso.CursoUdemyApplication          : No active profile set, falling back to 1 default profile: "default"
2023-06-10 15:45:57.315  INFO 1160 --- [restartedMain] o.s.b.w.embedded.tomcat.TomcatWebServer  : Tomcat initialized with port(s): 8090 (http)
2023-06-10 15:45:57.318  INFO 1160 --- [restartedMain] o.apache.catalina.core.StandardService   : Starting service [Tomcat]
2023-06-10 15:45:57.319  INFO 1160 --- [restartedMain] org.apache.catalina.core.StandardEngine  : Starting Servlet engine: [Apache Tomcat/9.0.75]
2023-06-10 15:45:57.326  INFO 1160 --- [restartedMain] o.a.c.c.C.[Tomcat].[localhost].[/udemy]  : Initializing Spring embedded WebApplicationContext
2023-06-10 15:45:57.326  INFO 1160 --- [restartedMain] w.s.c.ServletWebServerApplicationContext : Root WebApplicationContext: initialization completed in 124 ms
2023-06-10 15:45:57.376  INFO 1160 --- [restartedMain] o.s.b.d.a.OptionalLiveReloadServer       : LiveReload server is running on port 35729
2023-06-10 15:45:57.385  INFO 1160 --- [restartedMain] o.s.b.w.embedded.tomcat.TomcatWebServer  : Tomcat started on port(s): 8090 (http) with context path '/udemy'
2023-06-10 15:45:57.388  INFO 1160 --- [restartedMain] com.curso.CursoUdemyApplication          : Started CursoUdemyApplication in 0.219 seconds (JVM running for 126.612)
2023-06-10 15:45:57.389  INFO 1160 --- [restartedMain] com.curso.Curso                          : O curso está aqui
2023-06-10 15:45:57.389  WARN 1160 --- [restartedMain] com.curso.Curso                          : Está chegando aqui, cuidado!
2023-06-10 15:45:57.390  INFO 1160 --- [restartedMain] .ConditionEvaluationDeltaLoggingListener : Condition evaluation unchanged
2023-06-10 15:46:33.804  INFO 17532 --- [restartedMain] com.curso.CursoUdemyApplication          : Starting CursoUdemyApplication using Java 20.0.1 on JTB with PID 17532 (C:\Users\JulinhoTomaz\Documents\Rabbit\curso-udemy\target\classes started by JulinhoTomaz in C:\Users\JulinhoTomaz\Documents\Rabbit\curso-udemy)
2023-06-10 15:46:33.805 DEBUG 17532 --- [restartedMain] com.curso.CursoUdemyApplication          : Running with Spring Boot v2.7.13-SNAPSHOT, Spring v5.3.27
2023-06-10 15:46:33.805  INFO 17532 --- [restartedMain] com.curso.CursoUdemyApplication          : No active profile set, falling back to 1 default profile: "default"
2023-06-10 15:46:33.837  INFO 17532 --- [restartedMain] .e.DevToolsPropertyDefaultsPostProcessor : Devtools property defaults active! Set 'spring.devtools.add-properties' to 'false' to disable
2023-06-10 15:46:33.838  INFO 17532 --- [restartedMain] .e.DevToolsPropertyDefaultsPostProcessor : For additional web related logging consider setting the 'logging.level.web' property to 'DEBUG'
2023-06-10 15:46:34.433  INFO 17532 --- [restartedMain] o.s.b.w.embedded.tomcat.TomcatWebServer  : Tomcat initialized with port(s): 8090 (http)
2023-06-10 15:46:34.440  INFO 17532 --- [restartedMain] o.apache.catalina.core.StandardService   : Starting service [Tomcat]
2023-06-10 15:46:34.441  INFO 17532 --- [restartedMain] org.apache.catalina.core.StandardEngine  : Starting Servlet engine: [Apache Tomcat/9.0.75]
2023-06-10 15:46:34.478  INFO 17532 --- [restartedMain] o.a.c.c.C.[Tomcat].[localhost].[/udemy]  : Initializing Spring embedded WebApplicationContext
2023-06-10 15:46:34.478  INFO 17532 --- [restartedMain] w.s.c.ServletWebServerApplicationContext : Root WebApplicationContext: initialization completed in 640 ms
2023-06-10 15:46:34.798  INFO 17532 --- [restartedMain] o.s.b.d.a.OptionalLiveReloadServer       : LiveReload server is running on port 35729
2023-06-10 15:46:34.851  INFO 17532 --- [restartedMain] o.s.b.w.embedded.tomcat.TomcatWebServer  : Tomcat started on port(s): 8090 (http) with context path '/udemy'
2023-06-10 15:46:34.858  INFO 17532 --- [restartedMain] com.curso.CursoUdemyApplication          : Started CursoUdemyApplication in 1.317 seconds (JVM running for 1.796)
2023-06-10 15:46:34.860  INFO 17532 --- [restartedMain] com.curso.Curso                          : O curso está aqui
2023-06-10 15:46:34.860  WARN 17532 --- [restartedMain] com.curso.Curso                          : Está chegando aqui, cuidado!
2023-06-10 15:50:58.006  INFO 17460 --- [restartedMain] com.curso.CursoUdemyApplication          : Starting CursoUdemyApplication using Java 20.0.1 on JTB with PID 17460 (C:\Users\JulinhoTomaz\Documents\Rabbit\curso-udemy\target\classes started by JulinhoTomaz in C:\Users\JulinhoTomaz\Documents\Rabbit\curso-udemy)
2023-06-10 15:50:58.006 DEBUG 17460 --- [restartedMain] com.curso.CursoUdemyApplication          : Running with Spring Boot v2.7.13-SNAPSHOT, Spring v5.3.27
2023-06-10 15:50:58.006  INFO 17460 --- [restartedMain] com.curso.CursoUdemyApplication          : No active profile set, falling back to 1 default profile: "default"
2023-06-10 15:50:58.037  INFO 17460 --- [restartedMain] .e.DevToolsPropertyDefaultsPostProcessor : Devtools property defaults active! Set 'spring.devtools.add-properties' to 'false' to disable
2023-06-10 15:50:58.037  INFO 17460 --- [restartedMain] .e.DevToolsPropertyDefaultsPostProcessor : For additional web related logging consider setting the 'logging.level.web' property to 'DEBUG'
2023-06-10 15:50:58.633  INFO 17460 --- [restartedMain] o.s.b.w.embedded.tomcat.TomcatWebServer  : Tomcat initialized with port(s): 8090 (http)
2023-06-10 15:50:58.640  INFO 17460 --- [restartedMain] o.apache.catalina.core.StandardService   : Starting service [Tomcat]
2023-06-10 15:50:58.640  INFO 17460 --- [restartedMain] org.apache.catalina.core.StandardEngine  : Starting Servlet engine: [Apache Tomcat/9.0.75]
2023-06-10 15:50:58.679  INFO 17460 --- [restartedMain] o.a.c.c.C.[Tomcat].[localhost].[/udemy]  : Initializing Spring embedded WebApplicationContext
2023-06-10 15:50:58.679  INFO 17460 --- [restartedMain] w.s.c.ServletWebServerApplicationContext : Root WebApplicationContext: initialization completed in 641 ms
2023-06-10 15:50:59.007  INFO 17460 --- [restartedMain] o.s.b.d.a.OptionalLiveReloadServer       : LiveReload server is running on port 35729
2023-06-10 15:50:59.062  INFO 17460 --- [restartedMain] o.s.b.w.embedded.tomcat.TomcatWebServer  : Tomcat started on port(s): 8090 (http) with context path '/udemy'
2023-06-10 15:50:59.069  INFO 17460 --- [restartedMain] com.curso.CursoUdemyApplication          : Started CursoUdemyApplication in 1.327 seconds (JVM running for 1.816)
2023-06-10 15:50:59.070  INFO 17460 --- [restartedMain] com.curso.Curso                          : O curso está aqui
2023-06-10 15:50:59.070  WARN 17460 --- [restartedMain] com.curso.Curso                          : Está chegando aqui, cuidado!
2023-06-10 15:51:24.318  INFO 14812 --- [restartedMain] com.curso.CursoUdemyApplication          : Starting CursoUdemyApplication using Java 20.0.1 on JTB with PID 14812 (C:\Users\JulinhoTomaz\Documents\Rabbit\curso-udemy\target\classes started by JulinhoTomaz in C:\Users\JulinhoTomaz\Documents\Rabbit\curso-udemy)
2023-06-10 15:51:24.319 DEBUG 14812 --- [restartedMain] com.curso.CursoUdemyApplication          : Running with Spring Boot v2.7.13-SNAPSHOT, Spring v5.3.27
2023-06-10 15:51:24.319  INFO 14812 --- [restartedMain] com.curso.CursoUdemyApplication          : No active profile set, falling back to 1 default profile: "default"
2023-06-10 15:51:24.351  INFO 14812 --- [restartedMain] .e.DevToolsPropertyDefaultsPostProcessor : Devtools property defaults active! Set 'spring.devtools.add-properties' to 'false' to disable
2023-06-10 15:51:24.351  INFO 14812 --- [restartedMain] .e.DevToolsPropertyDefaultsPostProcessor : For additional web related logging consider setting the 'logging.level.web' property to 'DEBUG'
2023-06-10 15:51:24.955  INFO 14812 --- [restartedMain] o.s.b.w.embedded.tomcat.TomcatWebServer  : Tomcat initialized with port(s): 8090 (http)
2023-06-10 15:51:24.962  INFO 14812 --- [restartedMain] o.apache.catalina.core.StandardService   : Starting service [Tomcat]
2023-06-10 15:51:24.962  INFO 14812 --- [restartedMain] org.apache.catalina.core.StandardEngine  : Starting Servlet engine: [Apache Tomcat/9.0.75]
2023-06-10 15:51:24.999  INFO 14812 --- [restartedMain] o.a.c.c.C.[Tomcat].[localhost].[/udemy]  : Initializing Spring embedded WebApplicationContext
2023-06-10 15:51:24.999  INFO 14812 --- [restartedMain] w.s.c.ServletWebServerApplicationContext : Root WebApplicationContext: initialization completed in 647 ms
2023-06-10 15:51:25.325  INFO 14812 --- [restartedMain] o.s.b.d.a.OptionalLiveReloadServer       : LiveReload server is running on port 35729
2023-06-10 15:51:25.376  INFO 14812 --- [restartedMain] o.s.b.w.embedded.tomcat.TomcatWebServer  : Tomcat started on port(s): 8090 (http) with context path '/udemy'
2023-06-10 15:51:25.383  INFO 14812 --- [restartedMain] com.curso.CursoUdemyApplication          : Started CursoUdemyApplication in 1.34 seconds (JVM running for 1.823)
2023-06-10 15:51:25.384  INFO 14812 --- [restartedMain] com.curso.Curso                          : O curso está aqui
2023-06-10 15:51:25.385  WARN 14812 --- [restartedMain] com.curso.Curso                          : Está chegando aqui, cuidado!
2023-06-10 15:51:35.482  INFO 14812 --- [RMI TCP Connection(7)-127.0.0.1] inMXBeanRegistrar$SpringApplicationAdmin : Application shutdown requested.
2023-06-10 15:51:35.501  INFO 14812 --- [RMI TCP Connection(7)-127.0.0.1] o.apache.catalina.core.StandardService   : Stopping service [Tomcat]
2023-06-10 15:51:39.347  INFO 6836 --- [restartedMain] com.curso.CursoUdemyApplication          : Starting CursoUdemyApplication using Java 20.0.1 on JTB with PID 6836 (C:\Users\JulinhoTomaz\Documents\Rabbit\curso-udemy\target\classes started by JulinhoTomaz in C:\Users\JulinhoTomaz\Documents\Rabbit\curso-udemy)
2023-06-10 15:51:39.347 DEBUG 6836 --- [restartedMain] com.curso.CursoUdemyApplication          : Running with Spring Boot v2.7.13-SNAPSHOT, Spring v5.3.27
2023-06-10 15:51:39.348  INFO 6836 --- [restartedMain] com.curso.CursoUdemyApplication          : No active profile set, falling back to 1 default profile: "default"
2023-06-10 15:51:39.377  INFO 6836 --- [restartedMain] .e.DevToolsPropertyDefaultsPostProcessor : Devtools property defaults active! Set 'spring.devtools.add-properties' to 'false' to disable
2023-06-10 15:51:39.378  INFO 6836 --- [restartedMain] .e.DevToolsPropertyDefaultsPostProcessor : For additional web related logging consider setting the 'logging.level.web' property to 'DEBUG'
2023-06-10 15:51:39.970  INFO 6836 --- [restartedMain] o.s.b.w.embedded.tomcat.TomcatWebServer  : Tomcat initialized with port(s): 8090 (http)
2023-06-10 15:51:39.977  INFO 6836 --- [restartedMain] o.apache.catalina.core.StandardService   : Starting service [Tomcat]
2023-06-10 15:51:39.977  INFO 6836 --- [restartedMain] org.apache.catalina.core.StandardEngine  : Starting Servlet engine: [Apache Tomcat/9.0.75]
2023-06-10 15:51:40.014  INFO 6836 --- [restartedMain] o.a.c.c.C.[Tomcat].[localhost].[/udemy]  : Initializing Spring embedded WebApplicationContext
2023-06-10 15:51:40.014  INFO 6836 --- [restartedMain] w.s.c.ServletWebServerApplicationContext : Root WebApplicationContext: initialization completed in 636 ms
2023-06-10 15:51:40.361  INFO 6836 --- [restartedMain] o.s.b.d.a.OptionalLiveReloadServer       : LiveReload server is running on port 35729
2023-06-10 15:51:40.422  INFO 6836 --- [restartedMain] o.s.b.w.embedded.tomcat.TomcatWebServer  : Tomcat started on port(s): 8090 (http) with context path '/udemy'
2023-06-10 15:51:40.429  INFO 6836 --- [restartedMain] com.curso.CursoUdemyApplication          : Started CursoUdemyApplication in 1.349 seconds (JVM running for 1.84)
2023-06-10 15:51:40.430  INFO 6836 --- [restartedMain] com.curso.Curso                          : O curso está aqui
2023-06-10 15:51:40.430  WARN 6836 --- [restartedMain] com.curso.Curso                          : Está chegando aqui, cuidado!
2023-06-10 15:52:29.848  INFO 12412 --- [restartedMain] com.curso.CursoUdemyApplication          : Starting CursoUdemyApplication using Java 20.0.1 on JTB with PID 12412 (C:\Users\JulinhoTomaz\Documents\Rabbit\curso-udemy\target\classes started by JulinhoTomaz in C:\Users\JulinhoTomaz\Documents\Rabbit\curso-udemy)
2023-06-10 15:52:29.849 DEBUG 12412 --- [restartedMain] com.curso.CursoUdemyApplication          : Running with Spring Boot v2.7.13-SNAPSHOT, Spring v5.3.27
2023-06-10 15:52:29.849  INFO 12412 --- [restartedMain] com.curso.CursoUdemyApplication          : No active profile set, falling back to 1 default profile: "default"
2023-06-10 15:52:29.880  INFO 12412 --- [restartedMain] .e.DevToolsPropertyDefaultsPostProcessor : Devtools property defaults active! Set 'spring.devtools.add-properties' to 'false' to disable
2023-06-10 15:52:29.880  INFO 12412 --- [restartedMain] .e.DevToolsPropertyDefaultsPostProcessor : For additional web related logging consider setting the 'logging.level.web' property to 'DEBUG'
2023-06-10 15:52:30.492  INFO 12412 --- [restartedMain] o.s.b.w.embedded.tomcat.TomcatWebServer  : Tomcat initialized with port(s): 8090 (http)
2023-06-10 15:52:30.499  INFO 12412 --- [restartedMain] o.apache.catalina.core.StandardService   : Starting service [Tomcat]
2023-06-10 15:52:30.499  INFO 12412 --- [restartedMain] org.apache.catalina.core.StandardEngine  : Starting Servlet engine: [Apache Tomcat/9.0.75]
2023-06-10 15:52:30.538  INFO 12412 --- [restartedMain] o.a.c.c.C.[Tomcat].[localhost].[/udemy]  : Initializing Spring embedded WebApplicationContext
2023-06-10 15:52:30.538  INFO 12412 --- [restartedMain] w.s.c.ServletWebServerApplicationContext : Root WebApplicationContext: initialization completed in 658 ms
2023-06-10 15:52:30.860  INFO 12412 --- [restartedMain] o.s.b.d.a.OptionalLiveReloadServer       : LiveReload server is running on port 35729
2023-06-10 15:52:30.922  INFO 12412 --- [restartedMain] o.s.b.w.embedded.tomcat.TomcatWebServer  : Tomcat started on port(s): 8090 (http) with context path '/udemy'
2023-06-10 15:52:30.929  INFO 12412 --- [restartedMain] com.curso.CursoUdemyApplication          : Started CursoUdemyApplication in 1.349 seconds (JVM running for 1.833)
2023-06-10 15:52:30.931  INFO 12412 --- [restartedMain] com.curso.Curso                          : O curso está aqui
2023-06-10 15:52:30.931  WARN 12412 --- [restartedMain] com.curso.Curso                          : Está chegando aqui, cuidado!
2023-06-10 15:53:03.153  INFO 4076 --- [restartedMain] com.curso.CursoUdemyApplication          : Starting CursoUdemyApplication using Java 20.0.1 on JTB with PID 4076 (C:\Users\JulinhoTomaz\Documents\Rabbit\curso-udemy\target\classes started by JulinhoTomaz in C:\Users\JulinhoTomaz\Documents\Rabbit\curso-udemy)
2023-06-10 15:53:03.154 DEBUG 4076 --- [restartedMain] com.curso.CursoUdemyApplication          : Running with Spring Boot v2.7.13-SNAPSHOT, Spring v5.3.27
2023-06-10 15:53:03.154  INFO 4076 --- [restartedMain] com.curso.CursoUdemyApplication          : No active profile set, falling back to 1 default profile: "default"
2023-06-10 15:53:03.184  INFO 4076 --- [restartedMain] .e.DevToolsPropertyDefaultsPostProcessor : Devtools property defaults active! Set 'spring.devtools.add-properties' to 'false' to disable
2023-06-10 15:53:03.184  INFO 4076 --- [restartedMain] .e.DevToolsPropertyDefaultsPostProcessor : For additional web related logging consider setting the 'logging.level.web' property to 'DEBUG'
2023-06-10 15:53:03.782  INFO 4076 --- [restartedMain] o.s.b.w.embedded.tomcat.TomcatWebServer  : Tomcat initialized with port(s): 8090 (http)
2023-06-10 15:53:03.789  INFO 4076 --- [restartedMain] o.apache.catalina.core.StandardService   : Starting service [Tomcat]
2023-06-10 15:53:03.789  INFO 4076 --- [restartedMain] org.apache.catalina.core.StandardEngine  : Starting Servlet engine: [Apache Tomcat/9.0.75]
2023-06-10 15:53:03.825  INFO 4076 --- [restartedMain] o.a.c.c.C.[Tomcat].[localhost].[/udemy]  : Initializing Spring embedded WebApplicationContext
2023-06-10 15:53:03.826  INFO 4076 --- [restartedMain] w.s.c.ServletWebServerApplicationContext : Root WebApplicationContext: initialization completed in 641 ms
2023-06-10 15:53:04.149  INFO 4076 --- [restartedMain] o.s.b.d.a.OptionalLiveReloadServer       : LiveReload server is running on port 35729
2023-06-10 15:53:04.201  INFO 4076 --- [restartedMain] o.s.b.w.embedded.tomcat.TomcatWebServer  : Tomcat started on port(s): 8090 (http) with context path '/udemy'
2023-06-10 15:53:04.208  INFO 4076 --- [restartedMain] com.curso.CursoUdemyApplication          : Started CursoUdemyApplication in 1.317 seconds (JVM running for 1.801)
2023-06-10 15:53:04.209  INFO 4076 --- [restartedMain] com.curso.Curso                          : O curso está aqui
2023-06-10 15:53:04.209  WARN 4076 --- [restartedMain] com.curso.Curso                          : Está chegando aqui, cuidado!
